<?xml version="1.0" encoding="UTF-8"?>
<!-- Generated by org.testng.reporters.JUnitReportReporter -->
<testsuite hostname="Azays-MacBook-Pro.local" failures="0" tests="2" name="com.videogames.tests.VideoGamesTests" time="3.859" errors="0" timestamp="2025-01-30T09:32:53 GMT" skipped="0">
  <testcase classname="com.videogames.tests.VideoGamesTests" name="testInvalidVideoGameData" time="0.462"/>
  <system-out/>
  <testcase classname="com.videogames.tests.VideoGamesTests" name="testCompleteVideoGameLifecycle" time="3.397"/>
  <system-out/>
</testsuite> <!-- com.videogames.tests.VideoGamesTests -->
