<?xml version="1.0" encoding="UTF-8"?>
<!-- Generated by org.testng.reporters.JUnitReportReporter -->
<testsuite hostname="Azays-MacBook-Pro.local" failures="0" tests="3" name="com.videogames.tests.VideoGamesTests" time="2.307" errors="0" timestamp="2025-01-30T04:53:54 GMT" skipped="0">
  <testcase classname="com.videogames.tests.VideoGamesTests" name="testGetVideoGameById" time="0.443"/>
  <system-out/>
  <testcase classname="com.videogames.tests.VideoGamesTests" name="testCreateVideoGame" time="1.421"/>
  <system-out/>
  <testcase classname="com.videogames.tests.VideoGamesTests" name="testGetAllVideoGames" time="0.443"/>
  <system-out/>
</testsuite> <!-- com.videogames.tests.VideoGamesTests -->
