<?xml version="1.0" encoding="UTF-8"?>
<!-- Generated by org.testng.reporters.JUnitReportReporter -->
<testsuite hostname="Azays-MacBook-Pro.local" failures="0" tests="2" name="com.videogames.tests.AuthenticationTests" time="0.846" errors="0" timestamp="2025-01-30T04:53:54 GMT" skipped="0">
  <testcase classname="com.videogames.tests.AuthenticationTests" name="testFailedAuthentication" time="0.426"/>
  <system-out/>
  <testcase classname="com.videogames.tests.AuthenticationTests" name="testSuccessfulAuthentication" time="0.420"/>
  <system-out/>
</testsuite> <!-- com.videogames.tests.AuthenticationTests -->
