<?xml version="1.0" encoding="UTF-8"?>
<!-- Generated by org.testng.reporters.JUnitReportReporter -->
<testsuite hostname="Azays-MacBook-Pro.local" failures="0" tests="2" name="com.videogames.tests.AuthenticationTests" time="0.820" errors="0" timestamp="2025-01-30T05:16:30 GMT" skipped="0">
  <testcase classname="com.videogames.tests.AuthenticationTests" name="testFailedAuthentication" time="0.417"/>
  <system-out/>
  <testcase classname="com.videogames.tests.AuthenticationTests" name="testSuccessfulAuthentication" time="0.403"/>
  <system-out/>
</testsuite> <!-- com.videogames.tests.AuthenticationTests -->
