<?xml version="1.0" encoding="UTF-8"?>
<!-- Generated by org.testng.reporters.JUnitReportReporter -->
<testsuite hostname="Azays-MacBook-Pro.local" failures="0" tests="14" name="com.videogames.tests.VideoGamesTests" time="9.427" errors="0" timestamp="2025-01-30T12:26:06 GMT" skipped="0">
  <testcase classname="com.videogames.tests.VideoGamesTests" name="testNonExistentGameId" time="0.397"/>
  <system-out/>
  <testcase classname="com.videogames.tests.VideoGamesTests" name="testUpdateVideoGame" time="0.438"/>
  <system-out/>
  <testcase classname="com.videogames.tests.VideoGamesTests" name="testCreateVideoGame" time="0.411"/>
  <system-out/>
  <testcase classname="com.videogames.tests.VideoGamesTests" name="testDeleteVideoGame" time="0.421"/>
  <system-out/>
  <testcase classname="com.videogames.tests.VideoGamesTests" name="testGetVideoGameById" time="0.501"/>
  <system-out/>
  <testcase classname="com.videogames.tests.VideoGamesTests" name="testInvalidVideoGameData" time="0.445"/>
  <system-out/>
  <testcase classname="com.videogames.tests.VideoGamesTests" name="testVideoGameApiResponses" time="0.808"/>
  <system-out/>
  <testcase classname="com.videogames.tests.VideoGamesTests" name="testCompleteVideoGameLifecycle" time="2.976"/>
  <system-out/>
  <testcase classname="com.videogames.tests.VideoGamesTests" name="testVideoGameReadOperations" time="0.844"/>
  <system-out/>
  <testcase classname="com.videogames.tests.VideoGamesTests" name="testDeleteInvalidGameId" time="0.461"/>
  <system-out/>
  <testcase classname="com.videogames.tests.VideoGamesTests" name="testCreateVideoGameRequest" time="0.409"/>
  <system-out/>
  <testcase classname="com.videogames.tests.VideoGamesTests" name="testUpdateVideoGameRequest" time="0.456"/>
  <system-out/>
  <testcase classname="com.videogames.tests.VideoGamesTests" name="testGetAllVideoGames" time="0.448"/>
  <system-out/>
  <testcase classname="com.videogames.tests.VideoGamesTests" name="testDeleteVideoGameRequest" time="0.412"/>
  <system-out/>
</testsuite> <!-- com.videogames.tests.VideoGamesTests -->
