<?xml version="1.0" encoding="UTF-8"?>
<!-- Generated by org.testng.reporters.JUnitReportReporter -->
<testsuite hostname="Azays-MacBook-Pro.local" failures="0" tests="2" name="com.videogames.tests.VideoGamesTests" time="3.369" errors="0" timestamp="2025-01-30T05:16:30 GMT" skipped="0">
  <testcase classname="com.videogames.tests.VideoGamesTests" name="testCompleteVideoGameLifecycle" time="2.953"/>
  <system-out/>
  <testcase classname="com.videogames.tests.VideoGamesTests" name="testInvalidVideoGameData" time="0.416"/>
  <system-out/>
</testsuite> <!-- com.videogames.tests.VideoGamesTests -->
